Using pre-set license
Built from '2020.3/staging' branch; Version is '2020.3.30f1 (1fb1bf06830e) revision 2077119'; Using compiler version '192528614'; Build Type 'Release'
OS: 'Windows 10  (10.0.19044) 64bit Professional' Language: 'he' Physical Memory: 7991 MB
BatchMode: 1, IsHumanControllingUs: 0, StartBugReporterOnCrash: 0, Is64bit: 1, IsPro: 0

COMMAND LINE ARGUMENTS:
C:\Program Files\Unity\Hub\Editor\2020.3.30f1\Editor\Unity.exe
-adb2
-batchMode
-noUpm
-name
AssetImportWorker0
-projectPath
D:/Documents/GitHub/Lava Jumpers
-logFile
Logs/AssetImportWorker0.log
-srvPort
59755
Successfully changed project path to: D:/Documents/GitHub/Lava Jumpers
D:/Documents/GitHub/Lava Jumpers
Using Asset Import Pipeline V2.
Refreshing native plugins compatible for Editor in 29.68 ms, found 3 plugins.
Preloading 0 native plugins for Editor in 0.00 ms.
Initialize engine version: 2020.3.30f1 (1fb1bf06830e)
[Subsystems] Discovering subsystems at path C:/Program Files/Unity/Hub/Editor/2020.3.30f1/Editor/Data/Resources/UnitySubsystems
[Subsystems] Discovering subsystems at path D:/Documents/GitHub/Lava Jumpers/Assets
GfxDevice: creating device client; threaded=0
Direct3D:
    Version:  Direct3D 11.0 [level 11.1]
    Renderer: Intel(R) Iris(R) Xe Graphics (ID=0x9a49)
    Vendor:   
    VRAM:     3995 MB
    Driver:   30.0.100.9864
Initialize mono
Mono path[0] = 'C:/Program Files/Unity/Hub/Editor/2020.3.30f1/Editor/Data/Managed'
Mono path[1] = 'C:/Program Files/Unity/Hub/Editor/2020.3.30f1/Editor/Data/MonoBleedingEdge/lib/mono/unityjit'
Mono config path = 'C:/Program Files/Unity/Hub/Editor/2020.3.30f1/Editor/Data/MonoBleedingEdge/etc'
Using monoOptions --debugger-agent=transport=dt_socket,embedding=1,server=y,suspend=n,address=127.0.0.1:56732
Begin MonoManager ReloadAssembly
Registering precompiled unity dll's ...
Register platform support module: C:/Program Files/Unity/Hub/Editor/2020.3.30f1/Editor/Data/PlaybackEngines/WindowsStandaloneSupport/UnityEditor.WindowsStandalone.Extensions.dll
Registered in 0.001556 seconds.
Native extension for WindowsStandalone target not found
Refreshing native plugins compatible for Editor in 27.70 ms, found 3 plugins.
Preloading 0 native plugins for Editor in 0.00 ms.
Mono: successfully reloaded assembly
- Completed reload, in  0.473 seconds
Domain Reload Profiling:
	ReloadAssembly (473ms)
		BeginReloadAssembly (55ms)
			ExecutionOrderSort (0ms)
			DisableScriptedObjects (0ms)
			BackupInstance (0ms)
			ReleaseScriptingObjects (0ms)
			CreateAndSetChildDomain (1ms)
		EndReloadAssembly (359ms)
			LoadAssemblies (53ms)
			RebuildTransferFunctionScriptingTraits (0ms)
			SetupTypeCache (121ms)
			ReleaseScriptCaches (0ms)
			RebuildScriptCaches (27ms)
			SetupLoadedEditorAssemblies (126ms)
				LogAssemblyErrors (0ms)
				InitializePlatformSupportModulesInManaged (4ms)
				SetLoadedEditorAssemblies (0ms)
				RefreshPlugins (28ms)
				BeforeProcessingInitializeOnLoad (8ms)
				ProcessInitializeOnLoadAttributes (64ms)
				ProcessInitializeOnLoadMethodAttributes (23ms)
				AfterProcessingInitializeOnLoad (0ms)
				EditorAssembliesLoaded (0ms)
			ExecutionOrderSort2 (0ms)
			AwakeInstancesAfterBackupRestoration (0ms)
Platform modules already initialized, skipping
Registering precompiled user dll's ...
Registered in 0.003740 seconds.
Begin MonoManager ReloadAssembly
Native extension for WindowsStandalone target not found
Refreshing native plugins compatible for Editor in 0.36 ms, found 3 plugins.
Preloading 0 native plugins for Editor in 0.00 ms.
Mono: successfully reloaded assembly
- Completed reload, in  0.848 seconds
Domain Reload Profiling:
	ReloadAssembly (849ms)
		BeginReloadAssembly (106ms)
			ExecutionOrderSort (0ms)
			DisableScriptedObjects (3ms)
			BackupInstance (0ms)
			ReleaseScriptingObjects (0ms)
			CreateAndSetChildDomain (15ms)
		EndReloadAssembly (695ms)
			LoadAssemblies (76ms)
			RebuildTransferFunctionScriptingTraits (0ms)
			SetupTypeCache (260ms)
			ReleaseScriptCaches (1ms)
			RebuildScriptCaches (38ms)
			SetupLoadedEditorAssemblies (247ms)
				LogAssemblyErrors (0ms)
				InitializePlatformSupportModulesInManaged (3ms)
				SetLoadedEditorAssemblies (0ms)
				RefreshPlugins (0ms)
				BeforeProcessingInitializeOnLoad (43ms)
				ProcessInitializeOnLoadAttributes (187ms)
				ProcessInitializeOnLoadMethodAttributes (8ms)
				AfterProcessingInitializeOnLoad (4ms)
				EditorAssembliesLoaded (0ms)
			ExecutionOrderSort2 (0ms)
			AwakeInstancesAfterBackupRestoration (5ms)
Platform modules already initialized, skipping
========================================================================
Worker process is ready to serve import requests
Launched and connected shader compiler UnityShaderCompiler.exe after 0.06 seconds
Refreshing native plugins compatible for Editor in 0.36 ms, found 3 plugins.
Preloading 0 native plugins for Editor in 0.00 ms.
Unloading 1518 Unused Serialized files (Serialized files now loaded: 0)
System memory in use before: 69.8 MB.
System memory in use after: 69.9 MB.

Unloading 32 unused Assets to reduce memory usage. Loaded Objects now: 2022.
Total: 2.222600 ms (FindLiveObjects: 0.094500 ms CreateObjectMapping: 0.028100 ms MarkObjects: 2.025500 ms  DeleteObjects: 0.073600 ms)

AssetImportParameters requested are different than current active one (requested -> active):
  custom:framework-win-MediaFoundation: 216162199b28c13a410421893ffa2e32 -> 
  custom:video-decoder-ogg-theora: a1e56fd34408186e4bbccfd4996cb3dc -> 
  custom:container-muxer-webm: aa71ff27fc2769a1b78a27578f13a17b -> 
  custom:container-demuxer-webm: 4f35f7cbe854078d1ac9338744f61a02 -> 
  custom:container-demuxer-ogg: 62fdf1f143b41e24485cea50d1cbac27 -> 
  custom:video-encoder-webm-vp8: eb34c28f22e8b96e1ab97ce403110664 -> 
  custom:video-decoder-webm-vp8: 9c59270c3fd7afecdb556c50c9e8de78 -> 
  custom:audio-decoder-ogg-vorbis: bf7c407c2cedff20999df2af8eb42d56 -> 
  custom:audio-encoder-webm-vorbis: bf7c407c2cedff20999df2af8eb42d56 -> 
========================================================================
Received Import Request.
  path: Assets/03_Materials/Red.mat
  artifactKey: Guid(8a5b60ce43d45544995264b8fd36effc) Importer(815301076,1909f56bfc062723c751e8b465ee728b)
Start importing Assets/03_Materials/Red.mat using Guid(8a5b60ce43d45544995264b8fd36effc) Importer(815301076,1909f56bfc062723c751e8b465ee728b)  -> (artifact id: 'c25bde7ead720ec238a3c3d8a4886db6') in 0.102027 seconds 
========================================================================
Received Import Request.
  Time since last request: 0.000238 seconds.
  path: Assets/03_Materials
  artifactKey: Guid(d75b525e8b523ea458bf1f56f3f3503a) Importer(815301076,1909f56bfc062723c751e8b465ee728b)
Start importing Assets/03_Materials using Guid(d75b525e8b523ea458bf1f56f3f3503a) Importer(815301076,1909f56bfc062723c751e8b465ee728b)  -> (artifact id: '1f38d7b61de72d2198d3a45379b06863') in 0.005149 seconds 
========================================================================
Received Import Request.
  Time since last request: 0.000333 seconds.
  path: Assets/03_Materials/Blue.mat
  artifactKey: Guid(bd0bebac11e7a3b44b7a19f7ab5d5a5c) Importer(815301076,1909f56bfc062723c751e8b465ee728b)
Start importing Assets/03_Materials/Blue.mat using Guid(bd0bebac11e7a3b44b7a19f7ab5d5a5c) Importer(815301076,1909f56bfc062723c751e8b465ee728b)  -> (artifact id: '95badc1450914cd001a20db490ba848e') in 0.013140 seconds 
========================================================================
Received Import Request.
  Time since last request: 19.329996 seconds.
  path: Assets/03_Materials/bro.mat
  artifactKey: Guid(ecdb581a76d037942b1a8f07627d8bc1) Importer(815301076,1909f56bfc062723c751e8b465ee728b)
Start importing Assets/03_Materials/bro.mat using Guid(ecdb581a76d037942b1a8f07627d8bc1) Importer(815301076,1909f56bfc062723c751e8b465ee728b)  -> (artifact id: 'c75504b68da4205bfbe8eeed6df84105') in 0.013493 seconds 
========================================================================
Received Import Request.
  Time since last request: 65.999584 seconds.
  path: Assets/03_Materials/brown.mat
  artifactKey: Guid(ecdb581a76d037942b1a8f07627d8bc1) Importer(815301076,1909f56bfc062723c751e8b465ee728b)
Start importing Assets/03_Materials/brown.mat using Guid(ecdb581a76d037942b1a8f07627d8bc1) Importer(815301076,1909f56bfc062723c751e8b465ee728b)  -> (artifact id: 'a7ef68458f0721a40753ae237da4744a') in 0.013821 seconds 
========================================================================
Received Import Request.
  Time since last request: 159.389377 seconds.
  path: Assets/03_Materials/New Material.mat
  artifactKey: Guid(cf59f071705f2c340bb0c503c5f57f01) Importer(815301076,1909f56bfc062723c751e8b465ee728b)
Start importing Assets/03_Materials/New Material.mat using Guid(cf59f071705f2c340bb0c503c5f57f01) Importer(815301076,1909f56bfc062723c751e8b465ee728b)  -> (artifact id: '16e789a10a7747767be36e90f31d824a') in 0.016255 seconds 
========================================================================
Received Import Request.
  Time since last request: 38.639608 seconds.
  path: Assets/03_Materials/Orange.mat
  artifactKey: Guid(cf59f071705f2c340bb0c503c5f57f01) Importer(815301076,1909f56bfc062723c751e8b465ee728b)
Start importing Assets/03_Materials/Orange.mat using Guid(cf59f071705f2c340bb0c503c5f57f01) Importer(815301076,1909f56bfc062723c751e8b465ee728b)  -> (artifact id: '66228458266d7a9ffb516356707c61fb') in 0.011938 seconds 
